[order-service][fetch_cart] GET http://cart-service:8000/carts/2/ ??? 200
[order-service] Step 2: Fetching book prices (snapshot)
[order-service][fetch_book_4] GET http://book-service:8000/books/4/ ??? 200
[order-service] Step 2.5: Checking loyalty for customer 2
[order-service] Voucher applied: THAYQUE123 (-8.5000)
[order-service] Step 3: Creating Order (pending) - total: 161.5000
[order-service] CustomerVoucher 1 marked as used for Order 14
[order-service] Step 4: Calling pay-service for order 14
[order-service][pay_service] POST http://pay-service:8000/payments/ ??? 400
[order-service] Payment FAILED for order 14
Payment Required: /orders/
[20/Mar/2026 16:49:21] "POST /orders/ HTTP/1.1" 402 118
/app/app/views.py changed, reloading.
Watching for file changes with StatReloader
Performing system checks...

System check identified no issues (0 silenced).
March 20, 2026 - 16:53:30
Django version 4.2.27, using settings 'order_service.settings'
Starting development server at http://0.0.0.0:8000/
Quit the server with CONTROL-C.

[order-service] Step 1: Fetching cart for customer 2
[order-service][fetch_cart] GET http://cart-service:8000/carts/2/ ??? 200
[order-service] Step 2: Fetching book prices (snapshot)
[order-service][fetch_book_4] GET http://book-service:8000/books/4/ ??? 200
[order-service] Step 2.5: Checking loyalty for customer 2
Bad Request: /orders/
[20/Mar/2026 16:54:40] "POST /orders/ HTTP/1.1" 400 76
[20/Mar/2026 16:54:47] "GET /vouchers/ HTTP/1.1" 200 274
[20/Mar/2026 16:54:47] "GET /vouchers/customer/2/ HTTP/1.1" 200 442
[order-service] Step 1: Fetching cart for customer 2
[order-service][fetch_cart] GET http://cart-service:8000/carts/2/ ??? 200
[order-service] Step 2: Fetching book prices (snapshot)
[order-service][fetch_book_4] GET http://book-service:8000/books/4/ ??? 200
[order-service] Step 2.5: Checking loyalty for customer 2
[order-service] Step 3: Creating Order (pending) - total: 170.00
Internal Server Error: /orders/
Traceback (most recent call last):
  File "/usr/local/lib/python3.9/site-packages/django/db/backends/utils.py", line 89, in _execute
    return self.cursor.execute(sql, params)
  File "/usr/local/lib/python3.9/site-packages/django/db/backends/sqlite3/base.py", line 328, in execute
    return super().execute(query, params)
sqlite3.IntegrityError: NOT NULL constraint failed: app_order.voucher_code

The above exception was the direct cause of the following exception:

Traceback (most recent call last):
  File "/usr/local/lib/python3.9/site-packages/django/core/handlers/exception.py", line 55, in inner
    response = get_response(request)
  File "/usr/local/lib/python3.9/site-packages/django/core/handlers/base.py", line 197, in _get_response
    response = wrapped_callback(request, *callback_args, **callback_kwargs)
  File "/usr/local/lib/python3.9/site-packages/django/views/decorators/csrf.py", line 56, in wrapper_view
    return view_func(*args, **kwargs)
  File "/usr/local/lib/python3.9/site-packages/django/views/generic/base.py", line 105, in view
    return self.dispatch(request, *args, **kwargs)
  File "/usr/local/lib/python3.9/site-packages/rest_framework/views.py", line 509, in dispatch
    response = self.handle_exception(exc)
  File "/usr/local/lib/python3.9/site-packages/rest_framework/views.py", line 469, in handle_exception
    self.raise_uncaught_exception(exc)
  File "/usr/local/lib/python3.9/site-packages/rest_framework/views.py", line 480, in raise_uncaught_exception
    raise exc
  File "/usr/local/lib/python3.9/site-packages/rest_framework/views.py", line 506, in dispatch
    response = handler(request, *args, **kwargs)
  File "/app/app/views.py", line 148, in post
    order = Order.objects.create(
  File "/usr/local/lib/python3.9/site-packages/django/db/models/manager.py", line 87, in manager_method
    return getattr(self.get_queryset(), name)(*args, **kwargs)
  File "/usr/local/lib/python3.9/site-packages/django/db/models/query.py", line 660, in create
    obj.save(force_insert=True, using=self.db)
  File "/usr/local/lib/python3.9/site-packages/django/db/models/base.py", line 814, in save
    self.save_base(
  File "/usr/local/lib/python3.9/site-packages/django/db/models/base.py", line 877, in save_base
    updated = self._save_table(
  File "/usr/local/lib/python3.9/site-packages/django/db/models/base.py", line 1020, in _save_table
    results = self._do_insert(
  File "/usr/local/lib/python3.9/site-packages/django/db/models/base.py", line 1061, in _do_insert
    return manager._insert(
  File "/usr/local/lib/python3.9/site-packages/django/db/models/manager.py", line 87, in manager_method
    return getattr(self.get_queryset(), name)(*args, **kwargs)
  File "/usr/local/lib/python3.9/site-packages/django/db/models/query.py", line 1810, in _insert
    return query.get_compiler(using=using).execute_sql(returning_fields)
  File "/usr/local/lib/python3.9/site-packages/django/db/models/sql/compiler.py", line 1822, in execute_sql
    cursor.execute(sql, params)
  File "/usr/local/lib/python3.9/site-packages/django/db/backends/utils.py", line 102, in execute
    return super().execute(sql, params)
  File "/usr/local/lib/python3.9/site-packages/django/db/backends/utils.py", line 67, in execute
    return self._execute_with_wrappers(
  File "/usr/local/lib/python3.9/site-packages/django/db/backends/utils.py", line 80, in _execute_with_wrappers
    return executor(sql, params, many, context)
  File "/usr/local/lib/python3.9/site-packages/django/db/backends/utils.py", line 89, in _execute
    return self.cursor.execute(sql, params)
  File "/usr/local/lib/python3.9/site-packages/django/db/utils.py", line 91, in __exit__
    raise dj_exc_value.with_traceback(traceback) from exc_value
  File "/usr/local/lib/python3.9/site-packages/django/db/backends/utils.py", line 89, in _execute
    return self.cursor.execute(sql, params)
  File "/usr/local/lib/python3.9/site-packages/django/db/backends/sqlite3/base.py", line 328, in execute
    return super().execute(query, params)
django.db.utils.IntegrityError: NOT NULL constraint failed: app_order.voucher_code
[20/Mar/2026 16:54:53] "POST /orders/ HTTP/1.1" 500 184978
