[order-service] Step 5: Calling ship-service for order 15
[order-service][ship_service] POST http://ship-service:8000/shipments/ ??? 201
[order-service] Order 15 COMPLETED - shipment: VN-ST-I68S26G0
[20/Mar/2026 17:06:33] "POST /orders/ HTTP/1.1" 201 750
[20/Mar/2026 17:06:36] "GET /orders/?customer_id=2 HTTP/1.1" 200 4734
[20/Mar/2026 17:06:44] "GET /admin/ HTTP/1.1" 200 8641
[20/Mar/2026 17:06:45] "GET /static/admin/img/icon-deletelink.svg HTTP/1.1" 200 392
[20/Mar/2026 17:06:47] "GET /admin/app/order/ HTTP/1.1" 200 14956
[20/Mar/2026 17:06:47] "GET /admin/jsi18n/ HTTP/1.1" 200 3343
[20/Mar/2026 17:06:51] "GET /admin/app/order/14/change/ HTTP/1.1" 200 15551
[20/Mar/2026 17:06:51] "GET /admin/jsi18n/ HTTP/1.1" 200 3343
[20/Mar/2026 17:06:53] "GET /admin/app/order/14/delete/ HTTP/1.1" 200 8440
[20/Mar/2026 17:06:54] "POST /admin/app/order/14/delete/ HTTP/1.1" 302 0
[20/Mar/2026 17:06:54] "GET /admin/app/order/ HTTP/1.1" 200 14756
[20/Mar/2026 17:06:54] "GET /admin/jsi18n/ HTTP/1.1" 200 3343
[20/Mar/2026 17:06:57] "GET /admin/app/customervoucher/ HTTP/1.1" 200 10574
[20/Mar/2026 17:06:57] "GET /admin/jsi18n/ HTTP/1.1" 200 3343
[20/Mar/2026 17:07:00] "GET /admin/app/customervoucher/1/change/ HTTP/1.1" 200 13105
[20/Mar/2026 17:07:00] "GET /admin/jsi18n/ HTTP/1.1" 200 3343
[20/Mar/2026 17:07:07] "POST /admin/app/customervoucher/1/change/ HTTP/1.1" 302 0
[20/Mar/2026 17:07:07] "GET /admin/app/customervoucher/ HTTP/1.1" 200 10797
[20/Mar/2026 17:07:07] "GET /admin/jsi18n/ HTTP/1.1" 200 3343
[20/Mar/2026 17:07:11] "GET /admin/app/voucher/ HTTP/1.1" 200 11452
[20/Mar/2026 17:07:11] "GET /admin/jsi18n/ HTTP/1.1" 200 3343
Not Found: /vouchers/customer/
[20/Mar/2026 17:07:15] "GET /vouchers/customer/ HTTP/1.1" 404 29
[20/Mar/2026 17:07:16] "GET /orders/?customer_id=2 HTTP/1.1" 200 4229
[20/Mar/2026 17:07:20] "GET /orders/15/ HTTP/1.1" 200 498
[20/Mar/2026 17:07:21] "GET /orders/15/ HTTP/1.1" 200 498
[20/Mar/2026 17:07:23] "GET /orders/15/ HTTP/1.1" 200 498
[order-service] Order 15 CANCELLED by user.
[20/Mar/2026 17:07:24] "POST /orders/15/cancel/ HTTP/1.1" 200 497
[20/Mar/2026 17:07:25] "GET /orders/15/ HTTP/1.1" 200 497
[order-service] Order 15 DELETED.
[20/Mar/2026 17:07:26] "DELETE /orders/15/delete/ HTTP/1.1" 200 41
[20/Mar/2026 17:07:27] "GET /orders/?customer_id=2 HTTP/1.1" 200 3730
[20/Mar/2026 17:07:28] "GET /orders/?customer_id=2 HTTP/1.1" 200 3730
[20/Mar/2026 17:07:41] "GET /vouchers/ HTTP/1.1" 200 274
[20/Mar/2026 17:07:41] "GET /vouchers/customer/2/ HTTP/1.1" 200 420
[order-service] Step 1: Fetching cart for customer 2
[order-service][fetch_cart] GET http://cart-service:8000/carts/2/ ??? 200
[order-service] Step 2: Fetching book prices (snapshot)
[order-service][fetch_book_4] GET http://book-service:8000/books/4/ ??? 200
[order-service] Step 2.5: Checking loyalty for customer 2
[order-service] Voucher applied: THAYQUE123 (-8.5000)
[order-service] Step 3: Creating Order (pending) - total: 161.5000
[order-service] CustomerVoucher 1 marked as used for Order 16
[order-service] Step 4: Calling pay-service for order 16
[order-service][pay_service] POST http://pay-service:8000/payments/ ??? 400
[order-service] Payment FAILED for order 16
Payment Required: /orders/
[20/Mar/2026 17:07:46] "POST /orders/ HTTP/1.1" 402 118
[20/Mar/2026 17:07:54] "GET /orders/?customer_id=2 HTTP/1.1" 200 4235
[20/Mar/2026 17:08:01] "GET /vouchers/ HTTP/1.1" 200 274
[20/Mar/2026 17:08:01] "GET /vouchers/customer/2/ HTTP/1.1" 200 442
[order-service] Step 1: Fetching cart for customer 2
[order-service][fetch_cart] GET http://cart-service:8000/carts/2/ ??? 200
[order-service] Step 2: Fetching book prices (snapshot)
[order-service][fetch_book_4] GET http://book-service:8000/books/4/ ??? 200
[order-service] Step 2.5: Checking loyalty for customer 2
[order-service] Step 3: Creating Order (pending) - total: 170.00
[order-service] Step 4: Calling pay-service for order 17
[order-service][pay_service] POST http://pay-service:8000/payments/ ??? 201
[order-service] Payment SUCCESS for order 17 - txn: TXN-82BF2C6DDA16
[order-service] Step 4.5: Updating stock for order items...
[order-service] Stock updated for book 4: -17 (Status: 200)
[order-service] Step 5: Calling ship-service for order 17
[order-service][ship_service] POST http://ship-service:8000/shipments/ ??? 201
[order-service] Order 17 COMPLETED - shipment: VN-ST-PHWZLDTN
[20/Mar/2026 17:08:03] "POST /orders/ HTTP/1.1" 201 750
[20/Mar/2026 17:08:06] "GET /orders/?customer_id=2 HTTP/1.1" 200 4734
[20/Mar/2026 17:08:13] "GET /admin/app/order/ HTTP/1.1" 200 14956
[20/Mar/2026 17:08:13] "GET /admin/jsi18n/ HTTP/1.1" 200 3343
[20/Mar/2026 17:08:16] "GET /admin/app/order/16/change/ HTTP/1.1" 200 15551
[20/Mar/2026 17:08:16] "GET /admin/jsi18n/ HTTP/1.1" 200 3343
[20/Mar/2026 17:08:19] "GET /admin/app/order/16/delete/ HTTP/1.1" 200 8440
[20/Mar/2026 17:08:20] "POST /admin/app/order/16/delete/ HTTP/1.1" 302 0
[20/Mar/2026 17:08:20] "GET /admin/app/order/ HTTP/1.1" 200 14756
[20/Mar/2026 17:08:20] "GET /admin/jsi18n/ HTTP/1.1" 200 3343
[20/Mar/2026 17:08:22] "GET /admin/app/orderitem/ HTTP/1.1" 200 14449
[20/Mar/2026 17:08:22] "GET /admin/jsi18n/ HTTP/1.1" 200 3343
[20/Mar/2026 17:08:25] "GET /admin/app/customervoucher/ HTTP/1.1" 200 10574
[20/Mar/2026 17:08:25] "GET /admin/jsi18n/ HTTP/1.1" 200 3343
[20/Mar/2026 17:08:26] "GET /admin/app/customervoucher/1/change/ HTTP/1.1" 200 13105
[20/Mar/2026 17:08:27] "GET /admin/jsi18n/ HTTP/1.1" 200 3343
[20/Mar/2026 17:08:31] "POST /admin/app/customervoucher/1/change/ HTTP/1.1" 302 0
[20/Mar/2026 17:08:31] "GET /admin/app/customervoucher/ HTTP/1.1" 200 10797
[20/Mar/2026 17:08:31] "GET /admin/jsi18n/ HTTP/1.1" 200 3343
Operations to perform:
  Apply all migrations: admin, app, auth, contenttypes, sessions
Running migrations:
  No migrations to apply.
Performing system checks...

Watching for file changes with StatReloader
System check identified no issues (0 silenced).
March 20, 2026 - 17:25:29
Django version 4.2.27, using settings 'order_service.settings'
Starting development server at http://0.0.0.0:8000/
Quit the server with CONTROL-C.

[20/Mar/2026 17:26:08] "GET /vouchers/ HTTP/1.1" 200 274
[20/Mar/2026 17:26:08] "GET /vouchers/customer/2/ HTTP/1.1" 200 420
[order-service] Step 1: Fetching cart for customer 2
[order-service][fetch_cart] GET http://cart-service:8000/carts/2/ ??? 200
[order-service] Step 2: Fetching book prices (snapshot)
[order-service][fetch_book_3] GET http://book-service:8000/books/3/ ??? 200
[order-service] Step 2.5: Checking loyalty for customer 2
[order-service] Step 3: Creating Order (pending) - total: 5.50
[order-service] Step 4: Calling pay-service for order 18
[order-service][pay_service] POST http://pay-service:8000/payments/ ??? 201
[order-service] Payment SUCCESS for order 18 - txn: TXN-F539DD3C2B7B
[order-service] Step 4.5: Updating stock for order items...
[order-service] Stock updated for book 3: -1 (Status: 200)
[order-service] Step 5: Calling ship-service for order 18
[order-service][ship_service] POST http://ship-service:8000/shipments/ ??? 201
[order-service] Order 18 COMPLETED - shipment: VN-ST-YM74JVXB
[20/Mar/2026 17:26:14] "POST /orders/ HTTP/1.1" 201 742
[20/Mar/2026 17:26:17] "GET /orders/?customer_id=2 HTTP/1.1" 200 4720
[20/Mar/2026 17:26:30] "GET /vouchers/ HTTP/1.1" 200 274
[20/Mar/2026 17:26:30] "GET /vouchers/customer/2/ HTTP/1.1" 200 420
[order-service] Step 1: Fetching cart for customer 2
[order-service][fetch_cart] GET http://cart-service:8000/carts/2/ ??? 200
[order-service] Step 2: Fetching book prices (snapshot)
[order-service][fetch_book_4] GET http://book-service:8000/books/4/ ??? 200
[order-service] Step 2.5: Checking loyalty for customer 2
[order-service] Step 3: Creating Order (pending) - total: 170.00
[order-service] Step 4: Calling pay-service for order 19
[order-service][pay_service] POST http://pay-service:8000/payments/ ??? 201
[order-service] Payment SUCCESS for order 19 - txn: TXN-877CD2AA2021
[order-service] Step 4.5: Updating stock for order items...
[order-service] Stock updated for book 4: -17 (Status: 200)
[order-service] Step 5: Calling ship-service for order 19
[order-service][ship_service] POST http://ship-service:8000/shipments/ ??? 201
[order-service] Order 19 COMPLETED - shipment: VN-ST-BTMGXFZA
[20/Mar/2026 17:26:33] "POST /orders/ HTTP/1.1" 201 750
[20/Mar/2026 17:26:35] "GET /orders/?customer_id=2 HTTP/1.1" 200 5219
[20/Mar/2026 17:26:38] "GET /orders/19/ HTTP/1.1" 200 498
[20/Mar/2026 17:27:00] "GET /admin/ HTTP/1.1" 302 0
[20/Mar/2026 17:27:00] "GET /admin/login/?next=/admin/ HTTP/1.1" 200 4181
[20/Mar/2026 17:27:01] "POST /admin/login/?next=/admin/ HTTP/1.1" 302 0
[20/Mar/2026 17:27:01] "GET /admin/ HTTP/1.1" 200 9823
[20/Mar/2026 17:27:03] "GET /admin/app/customervoucher/ HTTP/1.1" 200 10550
[20/Mar/2026 17:27:04] "GET /admin/jsi18n/ HTTP/1.1" 200 3343
[20/Mar/2026 17:27:07] "GET /admin/app/orderitem/ HTTP/1.1" 200 15261
[20/Mar/2026 17:27:07] "GET /admin/jsi18n/ HTTP/1.1" 200 3343
[20/Mar/2026 17:27:09] "GET /admin/app/order/ HTTP/1.1" 200 15345
[20/Mar/2026 17:27:09] "GET /admin/jsi18n/ HTTP/1.1" 200 3343
[20/Mar/2026 17:27:10] "GET /admin/app/voucher/ HTTP/1.1" 200 11452
[20/Mar/2026 17:27:10] "GET /admin/jsi18n/ HTTP/1.1" 200 3343
